Start testing: Apr 11 23:40 +04
----------------------------------------------------------
1/1 Testing: Test1
1/1 Test: Test1
Command: "/home/said/Desktop/Seyid/build/main"
Directory: /home/said/Desktop/Seyid/build
"Test1" start time: Apr 11 23:40 +04
Output:
----------------------------------------------------------


     CUnit - A unit testing framework for C - Version 2.1-3
     http://cunit.sourceforge.net/



Run Summary:    Type  Total    Ran Passed Failed Inactive
              suites      2      2    n/a      0        0
               tests      3      3      3      0        0
             asserts     11     11     11      0      n/a

Elapsed time =    0.000 seconds
<end of output>
Test time =   0.00 sec
----------------------------------------------------------
Test Passed.
"Test1" end time: Apr 11 23:40 +04
"Test1" time elapsed: 00:00:00
----------------------------------------------------------

End testing: Apr 11 23:40 +04
